<?xml version="1.0" encoding="UTF-8"?>
<testng-results skipped="0" failed="0" total="1" passed="1">
  <reporter-output>
  </reporter-output>
  <suite name="Stevia-Test-Suite" duration-ms="28288" started-at="2017-08-09T15:57:09Z" finished-at="2017-08-09T15:57:37Z">
    <groups>
    </groups>
    <test name="Test Amazo using Chrome Selenium" duration-ms="28288" started-at="2017-08-09T15:57:09Z" finished-at="2017-08-09T15:57:37Z">
      <class name="com.test.stevia.BrowseAmazon">
        <test-method status="PASS" signature="configureSuiteSettings(org.testng.ITestContext)[pri:0, instance:com.test.stevia.BrowseAmazon@4fb64261]" name="configureSuiteSettings" is-config="true" duration-ms="9828" started-at="2017-08-09T15:56:59Z" finished-at="2017-08-09T15:57:09Z">
          <params>
            <param index="0">
              <value>
                <![CDATA[org.testng.TestRunner@21ae6e73]]>
              </value>
            </param>
          </params>
        </test-method> <!-- configureSuiteSettings -->
        <test-method status="PASS" signature="springTestContextPrepareTestInstance()[pri:0, instance:com.test.stevia.BrowseAmazon@4fb64261]" name="springTestContextPrepareTestInstance" is-config="true" duration-ms="0" started-at="2017-08-09T15:57:09Z" finished-at="2017-08-09T15:57:09Z">
        </test-method> <!-- springTestContextPrepareTestInstance -->
        <test-method status="PASS" signature="contextInitBeforeTest(org.testng.ITestContext)[pri:0, instance:com.test.stevia.BrowseAmazon@4fb64261]" name="contextInitBeforeTest" is-config="true" duration-ms="7113" started-at="2017-08-09T15:57:11Z" finished-at="2017-08-09T15:57:18Z">
          <params>
            <param index="0">
              <value>
                <![CDATA[org.testng.TestRunner@21ae6e73]]>
              </value>
            </param>
          </params>
        </test-method> <!-- contextInitBeforeTest -->
        <test-method status="PASS" signature="springTestContextPrepareTestInstance()[pri:0, instance:com.test.stevia.BrowseAmazon@4fb64261]" name="springTestContextPrepareTestInstance" is-config="true" duration-ms="6" started-at="2017-08-09T15:57:18Z" finished-at="2017-08-09T15:57:18Z">
        </test-method> <!-- springTestContextPrepareTestInstance -->
        <test-method status="PASS" signature="springTestContextBeforeTestClass()[pri:0, instance:com.test.stevia.BrowseAmazon@4fb64261]" name="springTestContextBeforeTestClass" is-config="true" duration-ms="9" started-at="2017-08-09T15:57:18Z" finished-at="2017-08-09T15:57:18Z">
        </test-method> <!-- springTestContextBeforeTestClass -->
        <test-method status="PASS" signature="contextInitBeforeClass(org.testng.ITestContext)[pri:0, instance:com.test.stevia.BrowseAmazon@4fb64261]" name="contextInitBeforeClass" is-config="true" duration-ms="10" started-at="2017-08-09T15:57:18Z" finished-at="2017-08-09T15:57:18Z">
          <params>
            <param index="0">
              <value>
                <![CDATA[org.testng.TestRunner@21ae6e73]]>
              </value>
            </param>
          </params>
        </test-method> <!-- contextInitBeforeClass -->
        <test-method status="PASS" signature="springTestContextPrepareTestInstance()[pri:0, instance:com.test.stevia.BrowseAmazon@4fb64261]" name="springTestContextPrepareTestInstance" is-config="true" duration-ms="5" started-at="2017-08-09T15:57:18Z" finished-at="2017-08-09T15:57:18Z">
        </test-method> <!-- springTestContextPrepareTestInstance -->
        <test-method status="PASS" signature="springTestContextBeforeTestMethod(java.lang.reflect.Method)[pri:0, instance:com.test.stevia.BrowseAmazon@4fb64261]" name="springTestContextBeforeTestMethod" is-config="true" duration-ms="7" started-at="2017-08-09T15:57:18Z" finished-at="2017-08-09T15:57:18Z">
          <params>
            <param index="0">
              <value>
                <![CDATA[public void com.test.stevia.BrowseAmazon.enterNewInteresting()]]>
              </value>
            </param>
          </params>
        </test-method> <!-- springTestContextBeforeTestMethod -->
        <test-method status="PASS" signature="contextInitBeforeMethod(org.testng.ITestContext)[pri:0, instance:com.test.stevia.BrowseAmazon@4fb64261]" name="contextInitBeforeMethod" is-config="true" duration-ms="2" started-at="2017-08-09T15:57:18Z" finished-at="2017-08-09T15:57:18Z">
          <params>
            <param index="0">
              <value>
                <![CDATA[org.testng.TestRunner@21ae6e73]]>
              </value>
            </param>
          </params>
        </test-method> <!-- contextInitBeforeMethod -->
        <test-method status="PASS" signature="enterNewInteresting()[pri:0, instance:com.test.stevia.BrowseAmazon@4fb64261]" name="enterNewInteresting" duration-ms="18147" started-at="2017-08-09T15:57:18Z" finished-at="2017-08-09T15:57:36Z">
        </test-method> <!-- enterNewInteresting -->
        <test-method status="PASS" signature="cleanContextOnMethod(org.testng.ITestContext)[pri:0, instance:com.test.stevia.BrowseAmazon@4fb64261]" name="cleanContextOnMethod" is-config="true" duration-ms="4" started-at="2017-08-09T15:57:36Z" finished-at="2017-08-09T15:57:36Z">
          <params>
            <param index="0">
              <value>
                <![CDATA[org.testng.TestRunner@21ae6e73]]>
              </value>
            </param>
          </params>
        </test-method> <!-- cleanContextOnMethod -->
        <test-method status="PASS" signature="springTestContextAfterTestMethod(java.lang.reflect.Method)[pri:0, instance:com.test.stevia.BrowseAmazon@4fb64261]" name="springTestContextAfterTestMethod" is-config="true" duration-ms="5" started-at="2017-08-09T15:57:36Z" finished-at="2017-08-09T15:57:36Z">
          <params>
            <param index="0">
              <value>
                <![CDATA[public void com.test.stevia.BrowseAmazon.enterNewInteresting()]]>
              </value>
            </param>
          </params>
        </test-method> <!-- springTestContextAfterTestMethod -->
        <test-method status="PASS" signature="afterClassClean(org.testng.ITestContext)[pri:0, instance:com.test.stevia.BrowseAmazon@4fb64261]" name="afterClassClean" is-config="true" duration-ms="4" started-at="2017-08-09T15:57:36Z" finished-at="2017-08-09T15:57:36Z">
          <params>
            <param index="0">
              <value>
                <![CDATA[org.testng.TestRunner@21ae6e73]]>
              </value>
            </param>
          </params>
        </test-method> <!-- afterClassClean -->
        <test-method status="PASS" signature="springTestContextAfterTestClass()[pri:0, instance:com.test.stevia.BrowseAmazon@4fb64261]" name="springTestContextAfterTestClass" is-config="true" duration-ms="3" started-at="2017-08-09T15:57:36Z" finished-at="2017-08-09T15:57:36Z">
        </test-method> <!-- springTestContextAfterTestClass -->
        <test-method status="PASS" signature="cleanContextOnTest(org.testng.ITestContext)[pri:0, instance:com.test.stevia.BrowseAmazon@4fb64261]" name="cleanContextOnTest" is-config="true" duration-ms="1069" started-at="2017-08-09T15:57:36Z" finished-at="2017-08-09T15:57:37Z">
          <params>
            <param index="0">
              <value>
                <![CDATA[org.testng.TestRunner@21ae6e73]]>
              </value>
            </param>
          </params>
        </test-method> <!-- cleanContextOnTest -->
      </class> <!-- com.test.stevia.BrowseAmazon -->
    </test> <!-- Test Amazo using Chrome Selenium -->
  </suite> <!-- Stevia-Test-Suite -->
</testng-results>
